Using pre-set license
Built from '2020.3/release' branch; Version is '2020.3.12f1 (b3b2c6512326) revision 11776710'; Using compiler version '192528614'; Build Type 'Release'
OS: 'Windows 10 Home; OS build 19042.1083; Version 2009; 64bit' Language: 'zh' Physical Memory: 32684 MB
BatchMode: 1, IsHumanControllingUs: 0, StartBugReporterOnCrash: 0, Is64bit: 1, IsPro: 0

 COMMAND LINE ARGUMENTS:
D:\Unity\2020.3.12f1\Editor\Unity.exe
-adb2
-batchMode
-noUpm
-name
AssetImportWorker0
-projectPath
D:/Unity_Assignment/Unity_Assignment/Week2_Particle_System
-logFile
Logs/AssetImportWorker0.log
-srvPort
55635
Successfully changed project path to: D:/Unity_Assignment/Unity_Assignment/Week2_Particle_System
D:/Unity_Assignment/Unity_Assignment/Week2_Particle_System
Using Asset Import Pipeline V2.
Refreshing native plugins compatible for Editor in 36.96 ms, found 3 plugins.
Preloading 0 native plugins for Editor in 0.00 ms.
Initialize engine version: 2020.3.12f1 (b3b2c6512326)
[Subsystems] Discovering subsystems at path D:/Unity/2020.3.12f1/Editor/Data/Resources/UnitySubsystems
[Subsystems] Discovering subsystems at path D:/Unity_Assignment/Unity_Assignment/Week2_Particle_System/Assets
GfxDevice: creating device client; threaded=0
Direct3D:
    Version:  Direct3D 11.0 [level 11.1]
    Renderer: AMD Radeon VII (ID=0x66af)
    Vendor:   
    VRAM:     16311 MB
    Driver:   27.20.22001.14011
Initialize mono
Mono path[0] = 'D:/Unity/2020.3.12f1/Editor/Data/Managed'
Mono path[1] = 'D:/Unity/2020.3.12f1/Editor/Data/MonoBleedingEdge/lib/mono/unityjit'
Mono config path = 'D:/Unity/2020.3.12f1/Editor/Data/MonoBleedingEdge/etc'
Using monoOptions --debugger-agent=transport=dt_socket,embedding=1,server=y,suspend=n,address=127.0.0.1:56880
Begin MonoManager ReloadAssembly
Registering precompiled unity dll's ...
Register platform support module: D:/Unity/2020.3.12f1/Editor/Data/PlaybackEngines/WindowsStandaloneSupport/UnityEditor.WindowsStandalone.Extensions.dll
Registered in 0.000983 seconds.
Native extension for WindowsStandalone target not found
Refreshing native plugins compatible for Editor in 35.91 ms, found 3 plugins.
Preloading 0 native plugins for Editor in 0.00 ms.
Mono: successfully reloaded assembly
- Completed reload, in  0.928 seconds
Platform modules already initialized, skipping
Registering precompiled user dll's ...
Registered in 0.003315 seconds.
Begin MonoManager ReloadAssembly
Native extension for WindowsStandalone target not found
Refreshing native plugins compatible for Editor in 35.52 ms, found 3 plugins.
Preloading 0 native plugins for Editor in 0.00 ms.
Mono: successfully reloaded assembly
- Completed reload, in  0.906 seconds
Platform modules already initialized, skipping
========================================================================
Worker process is ready to serve import requests
Launched and connected shader compiler UnityShaderCompiler.exe after 0.04 seconds
Refreshing native plugins compatible for Editor in 0.41 ms, found 3 plugins.
Preloading 0 native plugins for Editor in 0.00 ms.
Unloading 2080 Unused Serialized files (Serialized files now loaded: 0)
System memory in use before: 164.8 MB.
System memory in use after: 164.8 MB.

Unloading 33 unused Assets to reduce memory usage. Loaded Objects now: 2517.
Total: 1.879800 ms (FindLiveObjects: 0.171500 ms CreateObjectMapping: 0.046200 ms MarkObjects: 1.559200 ms  DeleteObjects: 0.102000 ms)

AssetImportParameters requested are different than current active one (requested -> active):
  custom:framework-win-MediaFoundation: 216162199b28c13a410421893ffa2e32 -> 
  custom:video-decoder-ogg-theora: a1e56fd34408186e4bbccfd4996cb3dc -> 
  custom:container-muxer-webm: aa71ff27fc2769a1b78a27578f13a17b -> 
  custom:container-demuxer-webm: 4f35f7cbe854078d1ac9338744f61a02 -> 
  custom:container-demuxer-ogg: 62fdf1f143b41e24485cea50d1cbac27 -> 
  custom:video-encoder-webm-vp8: eb34c28f22e8b96e1ab97ce403110664 -> 
  custom:video-decoder-webm-vp8: 9c59270c3fd7afecdb556c50c9e8de78 -> 
  custom:audio-decoder-ogg-vorbis: bf7c407c2cedff20999df2af8eb42d56 -> 
  custom:audio-encoder-webm-vorbis: bf7c407c2cedff20999df2af8eb42d56 -> 
========================================================================
Received Import Request.
  path: Assets/光粒特效.mat
  artifactKey: Guid(d1100443c52e93148971ec9bde80a132) Importer(815301076,1909f56bfc062723c751e8b465ee728b)
Start importing Assets/光粒特效.mat using Guid(d1100443c52e93148971ec9bde80a132) Importer(815301076,1909f56bfc062723c751e8b465ee728b)  -> (artifact id: '7a33ed27e840d6be36c8aa799e5bc579') in 0.097192 seconds 
  Import took 0.099984 seconds .

========================================================================
Received Import Request.
  Time since last request: 160.798357 seconds.
  path: Assets/魔法火焰.png
  artifactKey: Guid(408f2893794e91f41add62fd3c434a67) Importer(815301076,1909f56bfc062723c751e8b465ee728b)
Start importing Assets/魔法火焰.png using Guid(408f2893794e91f41add62fd3c434a67) Importer(815301076,1909f56bfc062723c751e8b465ee728b)  -> (artifact id: '417b8fed5754c53b04ac4b93045fa5a3') in 0.049567 seconds 
  Import took 0.058153 seconds .

========================================================================
Received Import Request.
  Time since last request: 22.045495 seconds.
  path: Assets/魔法火焰.png
  artifactKey: Guid(408f2893794e91f41add62fd3c434a67) Importer(815301076,1909f56bfc062723c751e8b465ee728b)
Start importing Assets/魔法火焰.png using Guid(408f2893794e91f41add62fd3c434a67) Importer(815301076,1909f56bfc062723c751e8b465ee728b)  -> (artifact id: '76620a92c288b3747d77a9815c5b9629') in 0.028553 seconds 
  Import took 0.031610 seconds .

========================================================================
Received Import Request.
  Time since last request: 45.582473 seconds.
  path: Assets/魔法火焰_0.prefab
  artifactKey: Guid(3a0c4b4293b066841b31726e3ff1a086) Importer(815301076,1909f56bfc062723c751e8b465ee728b)
Start importing Assets/魔法火焰_0.prefab using Guid(3a0c4b4293b066841b31726e3ff1a086) Importer(815301076,1909f56bfc062723c751e8b465ee728b)  -> (artifact id: '2d17d0d15afa07532cbf15a81f262230') in 0.027535 seconds 
  Import took 0.030554 seconds .

========================================================================
Received Import Request.
  Time since last request: 0.001667 seconds.
  path: Assets/魔法火焰_0.prefab
  artifactKey: Guid(3a0c4b4293b066841b31726e3ff1a086) Importer(815301076,1909f56bfc062723c751e8b465ee728b)
Start importing Assets/魔法火焰_0.prefab using Guid(3a0c4b4293b066841b31726e3ff1a086) Importer(815301076,1909f56bfc062723c751e8b465ee728b)  -> (artifact id: '2d17d0d15afa07532cbf15a81f262230') in 0.008354 seconds 
  Import took 0.011165 seconds .

========================================================================
Received Prepare
Registering precompiled user dll's ...
Registered in 0.003205 seconds.
Begin MonoManager ReloadAssembly
Native extension for WindowsStandalone target not found
Refreshing native plugins compatible for Editor in 0.46 ms, found 3 plugins.
Preloading 0 native plugins for Editor in 0.00 ms.
Mono: successfully reloaded assembly
- Completed reload, in  0.808 seconds
Platform modules already initialized, skipping
Refreshing native plugins compatible for Editor in 0.48 ms, found 3 plugins.
Preloading 0 native plugins for Editor in 0.00 ms.
Unloading 2075 Unused Serialized files (Serialized files now loaded: 0)
System memory in use before: 167.9 MB.
System memory in use after: 167.9 MB.

Unloading 21 unused Assets to reduce memory usage. Loaded Objects now: 2563.
Total: 1.862900 ms (FindLiveObjects: 0.182100 ms CreateObjectMapping: 0.046600 ms MarkObjects: 1.539000 ms  DeleteObjects: 0.094200 ms)

AssetImportParameters requested are different than current active one (requested -> active):
  custom:framework-win-MediaFoundation: 216162199b28c13a410421893ffa2e32 -> 
  custom:video-decoder-ogg-theora: a1e56fd34408186e4bbccfd4996cb3dc -> 
  custom:container-muxer-webm: aa71ff27fc2769a1b78a27578f13a17b -> 
  custom:container-demuxer-webm: 4f35f7cbe854078d1ac9338744f61a02 -> 
  custom:container-demuxer-ogg: 62fdf1f143b41e24485cea50d1cbac27 -> 
  custom:video-encoder-webm-vp8: eb34c28f22e8b96e1ab97ce403110664 -> 
  custom:video-decoder-webm-vp8: 9c59270c3fd7afecdb556c50c9e8de78 -> 
  custom:audio-decoder-ogg-vorbis: bf7c407c2cedff20999df2af8eb42d56 -> 
  custom:audio-encoder-webm-vorbis: bf7c407c2cedff20999df2af8eb42d56 -> 
========================================================================
Received Import Request.
  Time since last request: 498.530703 seconds.
  path: Assets/光粒特效.mat
  artifactKey: Guid(d1100443c52e93148971ec9bde80a132) Importer(815301076,1909f56bfc062723c751e8b465ee728b)
Start importing Assets/光粒特效.mat using Guid(d1100443c52e93148971ec9bde80a132) Importer(815301076,1909f56bfc062723c751e8b465ee728b)  -> (artifact id: '38adc6676181dfaf505f60a0c2955222') in 0.050718 seconds 
  Import took 0.054165 seconds .

========================================================================
Received Prepare
Registering precompiled user dll's ...
Registered in 0.003069 seconds.
Begin MonoManager ReloadAssembly
Native extension for WindowsStandalone target not found
Refreshing native plugins compatible for Editor in 0.47 ms, found 3 plugins.
Preloading 0 native plugins for Editor in 0.00 ms.
Mono: successfully reloaded assembly
- Completed reload, in  0.796 seconds
Platform modules already initialized, skipping
Refreshing native plugins compatible for Editor in 0.44 ms, found 3 plugins.
Preloading 0 native plugins for Editor in 0.00 ms.
Unloading 2075 Unused Serialized files (Serialized files now loaded: 0)
System memory in use before: 168.0 MB.
System memory in use after: 168.0 MB.

Unloading 21 unused Assets to reduce memory usage. Loaded Objects now: 2568.
Total: 1.879500 ms (FindLiveObjects: 0.207400 ms CreateObjectMapping: 0.046000 ms MarkObjects: 1.536600 ms  DeleteObjects: 0.088700 ms)

AssetImportParameters requested are different than current active one (requested -> active):
  custom:framework-win-MediaFoundation: 216162199b28c13a410421893ffa2e32 -> 
  custom:video-decoder-ogg-theora: a1e56fd34408186e4bbccfd4996cb3dc -> 
  custom:container-muxer-webm: aa71ff27fc2769a1b78a27578f13a17b -> 
  custom:container-demuxer-webm: 4f35f7cbe854078d1ac9338744f61a02 -> 
  custom:container-demuxer-ogg: 62fdf1f143b41e24485cea50d1cbac27 -> 
  custom:video-encoder-webm-vp8: eb34c28f22e8b96e1ab97ce403110664 -> 
  custom:video-decoder-webm-vp8: 9c59270c3fd7afecdb556c50c9e8de78 -> 
  custom:audio-decoder-ogg-vorbis: bf7c407c2cedff20999df2af8eb42d56 -> 
  custom:audio-encoder-webm-vorbis: bf7c407c2cedff20999df2af8eb42d56 -> 
========================================================================
Received Import Request.
  Time since last request: 620.615769 seconds.
  path: Assets/火焰特效.mat
  artifactKey: Guid(d1100443c52e93148971ec9bde80a132) Importer(815301076,1909f56bfc062723c751e8b465ee728b)
Start importing Assets/火焰特效.mat using Guid(d1100443c52e93148971ec9bde80a132) Importer(815301076,1909f56bfc062723c751e8b465ee728b)  -> (artifact id: '16159eaf9e6a8d0813e9608587569fb5') in 0.047299 seconds 
  Import took 0.050609 seconds .

========================================================================
Received Import Request.
  Time since last request: 15.383679 seconds.
  path: Assets/火焰實驗.mat
  artifactKey: Guid(9c73ed3cfc7c374468bbc442c360eb87) Importer(815301076,1909f56bfc062723c751e8b465ee728b)
Start importing Assets/火焰實驗.mat using Guid(9c73ed3cfc7c374468bbc442c360eb87) Importer(815301076,1909f56bfc062723c751e8b465ee728b)  -> (artifact id: '29c25575a2f2d41d528e584c920e69f0') in 0.016495 seconds 
  Import took 0.019746 seconds .

========================================================================
Received Import Request.
  Time since last request: 138.276580 seconds.
  path: Assets/魔法火焰.png
  artifactKey: Guid(408f2893794e91f41add62fd3c434a67) Importer(815301076,1909f56bfc062723c751e8b465ee728b)
Start importing Assets/魔法火焰.png using Guid(408f2893794e91f41add62fd3c434a67) Importer(815301076,1909f56bfc062723c751e8b465ee728b)  -> (artifact id: 'd27e8f6314598b281244175a2e8adfa2') in 0.028167 seconds 
  Import took 0.031287 seconds .

========================================================================
Received Prepare
Registering precompiled user dll's ...
Registered in 0.003169 seconds.
Begin MonoManager ReloadAssembly
Native extension for WindowsStandalone target not found
Refreshing native plugins compatible for Editor in 0.44 ms, found 3 plugins.
Preloading 0 native plugins for Editor in 0.00 ms.
Mono: successfully reloaded assembly
- Completed reload, in  0.795 seconds
Platform modules already initialized, skipping
Refreshing native plugins compatible for Editor in 0.43 ms, found 3 plugins.
Preloading 0 native plugins for Editor in 0.00 ms.
Unloading 2075 Unused Serialized files (Serialized files now loaded: 0)
System memory in use before: 168.0 MB.
System memory in use after: 168.0 MB.

Unloading 21 unused Assets to reduce memory usage. Loaded Objects now: 2573.
Total: 1.864400 ms (FindLiveObjects: 0.188200 ms CreateObjectMapping: 0.046000 ms MarkObjects: 1.542500 ms  DeleteObjects: 0.086600 ms)

AssetImportParameters requested are different than current active one (requested -> active):
  custom:framework-win-MediaFoundation: 216162199b28c13a410421893ffa2e32 -> 
  custom:video-decoder-ogg-theora: a1e56fd34408186e4bbccfd4996cb3dc -> 
  custom:container-muxer-webm: aa71ff27fc2769a1b78a27578f13a17b -> 
  custom:container-demuxer-webm: 4f35f7cbe854078d1ac9338744f61a02 -> 
  custom:container-demuxer-ogg: 62fdf1f143b41e24485cea50d1cbac27 -> 
  custom:video-encoder-webm-vp8: eb34c28f22e8b96e1ab97ce403110664 -> 
  custom:video-decoder-webm-vp8: 9c59270c3fd7afecdb556c50c9e8de78 -> 
  custom:audio-decoder-ogg-vorbis: bf7c407c2cedff20999df2af8eb42d56 -> 
  custom:audio-encoder-webm-vorbis: bf7c407c2cedff20999df2af8eb42d56 -> 
========================================================================
Received Import Request.
  Time since last request: 198.355900 seconds.
  path: Assets/火焰特效材質球.mat
  artifactKey: Guid(d1100443c52e93148971ec9bde80a132) Importer(815301076,1909f56bfc062723c751e8b465ee728b)
Start importing Assets/火焰特效材質球.mat using Guid(d1100443c52e93148971ec9bde80a132) Importer(815301076,1909f56bfc062723c751e8b465ee728b)  -> (artifact id: '27d73d4172b3e3824f7df18870f5d560') in 0.045638 seconds 
  Import took 0.048458 seconds .

========================================================================
Received Import Request.
  Time since last request: 19.000364 seconds.
  path: Assets/火焰實驗材質球.mat
  artifactKey: Guid(9c73ed3cfc7c374468bbc442c360eb87) Importer(815301076,1909f56bfc062723c751e8b465ee728b)
Start importing Assets/火焰實驗材質球.mat using Guid(9c73ed3cfc7c374468bbc442c360eb87) Importer(815301076,1909f56bfc062723c751e8b465ee728b)  -> (artifact id: '3ca0e609a2608f7719c81d1caa989831') in 0.024394 seconds 
  Import took 0.027242 seconds .

AssetImportWorkerClient::OnTransportError - code=2 error=End of file
